<?xml version="1.0" encoding="UTF-8"?>
<!-- Generated by org.testng.reporters.JUnitReportReporter -->
<testsuite skipped="0" hostname="PRFT-16009" name="TopGamerValidation" tests="6" failures="0" timestamp="2021-06-29T09:42:39 CDT" time="2.551" errors="0">
  <testcase name="numberOne" time="0.100" classname="TopGamerValidation"/>
  <system-out/>
  <testcase name="numberTwo" time="0.056" classname="TopGamerValidation"/>
  <system-out/>
  <testcase name="numberThree" time="0.076" classname="TopGamerValidation"/>
  <system-out/>
  <testcase name="numberFour" time="0.075" classname="TopGamerValidation"/>
  <system-out/>
  <testcase name="numberFive" time="0.060" classname="TopGamerValidation"/>
  <system-out/>
  <testcase name="validateGames" time="2.184" classname="TopGamerValidation"/>
  <system-out/>
</testsuite> <!-- TopGamerValidation -->
